[0.342s] Invoking command in '/home/robousr/ROS2Dev/ExaFin_ws/build/robot_description': CMAKE_PREFIX_PATH=${CMAKE_PREFIX_PATH}:/home/robousr/ROS2Dev/ExaFin_ws/install/evs_robot_controller:/opt/ros/humble /usr/bin/cmake /home/robousr/ROS2Dev/ExaFin_ws/src/robot_description -DCMAKE_INSTALL_PREFIX=/home/robousr/ROS2Dev/ExaFin_ws/install/robot_description
[0.577s] -- The C compiler identification is GNU 11.4.0
[0.845s] -- The CXX compiler identification is GNU 11.4.0
[0.865s] -- Detecting C compiler ABI info
[0.993s] -- Detecting C compiler ABI info - done
[1.000s] -- Check for working C compiler: /usr/bin/cc - skipped
[1.002s] -- Detecting C compile features
[1.005s] -- Detecting C compile features - done
[1.010s] -- Detecting CXX compiler ABI info
[1.148s] -- Detecting CXX compiler ABI info - done
[1.156s] -- Check for working CXX compiler: /usr/bin/c++ - skipped
[1.156s] -- Detecting CXX compile features
[1.158s] -- Detecting CXX compile features - done
[1.165s] -- Found ament_cmake: 1.3.10 (/opt/ros/humble/share/ament_cmake/cmake)
[1.796s] -- Found Python3: /home/robousr/.pyenv/shims/python3 (found version "3.10.12") found components: Interpreter 
[2.025s] -- Found ament_lint_auto: 0.12.11 (/opt/ros/humble/share/ament_lint_auto/cmake)
[2.207s] -- Added test 'flake8' to check Python code syntax and style conventions
[2.207s] -- Added test 'lint_cmake' to check CMake code style
[2.209s] -- Added test 'pep257' to check Python code against some of the docstring style conventions in PEP 257
[2.210s] -- Added test 'xmllint' to check XML markup files
[2.214s] -- Configuring done
[2.216s] -- Generating done
[2.218s] -- Build files have been written to: /home/robousr/ROS2Dev/ExaFin_ws/build/robot_description
[2.224s] Invoked command in '/home/robousr/ROS2Dev/ExaFin_ws/build/robot_description' returned '0': CMAKE_PREFIX_PATH=${CMAKE_PREFIX_PATH}:/home/robousr/ROS2Dev/ExaFin_ws/install/evs_robot_controller:/opt/ros/humble /usr/bin/cmake /home/robousr/ROS2Dev/ExaFin_ws/src/robot_description -DCMAKE_INSTALL_PREFIX=/home/robousr/ROS2Dev/ExaFin_ws/install/robot_description
[2.224s] Invoking command in '/home/robousr/ROS2Dev/ExaFin_ws/build/robot_description': CMAKE_PREFIX_PATH=${CMAKE_PREFIX_PATH}:/home/robousr/ROS2Dev/ExaFin_ws/install/evs_robot_controller:/opt/ros/humble /usr/bin/cmake --build /home/robousr/ROS2Dev/ExaFin_ws/build/robot_description -- -j2 -l2
[2.278s] Invoked command in '/home/robousr/ROS2Dev/ExaFin_ws/build/robot_description' returned '0': CMAKE_PREFIX_PATH=${CMAKE_PREFIX_PATH}:/home/robousr/ROS2Dev/ExaFin_ws/install/evs_robot_controller:/opt/ros/humble /usr/bin/cmake --build /home/robousr/ROS2Dev/ExaFin_ws/build/robot_description -- -j2 -l2
[2.290s] Invoking command in '/home/robousr/ROS2Dev/ExaFin_ws/build/robot_description': CMAKE_PREFIX_PATH=${CMAKE_PREFIX_PATH}:/home/robousr/ROS2Dev/ExaFin_ws/install/evs_robot_controller:/opt/ros/humble /usr/bin/cmake --install /home/robousr/ROS2Dev/ExaFin_ws/build/robot_description
[2.300s] -- Install configuration: ""
[2.300s] -- Installing: /home/robousr/ROS2Dev/ExaFin_ws/install/robot_description/share/robot_description/urdf
[2.300s] -- Installing: /home/robousr/ROS2Dev/ExaFin_ws/install/robot_description/share/robot_description/urdf/RobotIndustrial.urdf
[2.301s] -- Installing: /home/robousr/ROS2Dev/ExaFin_ws/install/robot_description/share/robot_description/launch
[2.301s] -- Installing: /home/robousr/ROS2Dev/ExaFin_ws/install/robot_description/share/robot_description/launch/display.launch.py
[2.302s] -- Installing: /home/robousr/ROS2Dev/ExaFin_ws/install/robot_description/share/robot_description/config
[2.302s] -- Installing: /home/robousr/ROS2Dev/ExaFin_ws/install/robot_description/share/robot_description/config/RobotIndustrial_rviz
[2.302s] -- Installing: /home/robousr/ROS2Dev/ExaFin_ws/install/robot_description/share/robot_description/config/robot_description.yaml
[2.304s] -- Installing: /home/robousr/ROS2Dev/ExaFin_ws/install/robot_description/share/robot_description/config/RobotIndustrial.rviz
[2.305s] -- Installing: /home/robousr/ROS2Dev/ExaFin_ws/install/robot_description/share/ament_index/resource_index/package_run_dependencies/robot_description
[2.307s] -- Installing: /home/robousr/ROS2Dev/ExaFin_ws/install/robot_description/share/ament_index/resource_index/parent_prefix_path/robot_description
[2.307s] -- Installing: /home/robousr/ROS2Dev/ExaFin_ws/install/robot_description/share/robot_description/environment/ament_prefix_path.sh
[2.307s] -- Installing: /home/robousr/ROS2Dev/ExaFin_ws/install/robot_description/share/robot_description/environment/ament_prefix_path.dsv
[2.307s] -- Installing: /home/robousr/ROS2Dev/ExaFin_ws/install/robot_description/share/robot_description/environment/path.sh
[2.307s] -- Installing: /home/robousr/ROS2Dev/ExaFin_ws/install/robot_description/share/robot_description/environment/path.dsv
[2.307s] -- Installing: /home/robousr/ROS2Dev/ExaFin_ws/install/robot_description/share/robot_description/local_setup.bash
[2.307s] -- Installing: /home/robousr/ROS2Dev/ExaFin_ws/install/robot_description/share/robot_description/local_setup.sh
[2.307s] -- Installing: /home/robousr/ROS2Dev/ExaFin_ws/install/robot_description/share/robot_description/local_setup.zsh
[2.307s] -- Installing: /home/robousr/ROS2Dev/ExaFin_ws/install/robot_description/share/robot_description/local_setup.dsv
[2.309s] -- Installing: /home/robousr/ROS2Dev/ExaFin_ws/install/robot_description/share/robot_description/package.dsv
[2.309s] -- Installing: /home/robousr/ROS2Dev/ExaFin_ws/install/robot_description/share/ament_index/resource_index/packages/robot_description
[2.309s] -- Installing: /home/robousr/ROS2Dev/ExaFin_ws/install/robot_description/share/robot_description/cmake/robot_descriptionConfig.cmake
[2.309s] -- Installing: /home/robousr/ROS2Dev/ExaFin_ws/install/robot_description/share/robot_description/cmake/robot_descriptionConfig-version.cmake
[2.309s] -- Installing: /home/robousr/ROS2Dev/ExaFin_ws/install/robot_description/share/robot_description/package.xml
[2.312s] Invoked command in '/home/robousr/ROS2Dev/ExaFin_ws/build/robot_description' returned '0': CMAKE_PREFIX_PATH=${CMAKE_PREFIX_PATH}:/home/robousr/ROS2Dev/ExaFin_ws/install/evs_robot_controller:/opt/ros/humble /usr/bin/cmake --install /home/robousr/ROS2Dev/ExaFin_ws/build/robot_description
