[0.103s] DEBUG:colcon:Command line arguments: ['/usr/bin/colcon', 'build']
[0.103s] DEBUG:colcon:Parsed command line arguments: Namespace(log_base=None, log_level=None, verb_name='build', build_base='build', install_base='install', merge_install=False, symlink_install=False, test_result_base=None, continue_on_error=False, executor='parallel', parallel_workers=2, event_handlers=None, ignore_user_meta=False, metas=['./colcon.meta'], base_paths=['.'], packages_ignore=None, packages_ignore_regex=None, paths=None, packages_up_to=None, packages_up_to_regex=None, packages_above=None, packages_above_and_dependencies=None, packages_above_depth=None, packages_select_by_dep=None, packages_skip_by_dep=None, packages_skip_up_to=None, packages_select_build_failed=False, packages_skip_build_finished=False, packages_select_test_failures=False, packages_skip_test_passed=False, packages_select=None, packages_skip=None, packages_select_regex=None, packages_skip_regex=None, packages_start=None, packages_end=None, allow_overriding=[], cmake_args=None, cmake_target=None, cmake_target_skip_unavailable=False, cmake_clean_cache=False, cmake_clean_first=False, cmake_force_configure=False, ament_cmake_args=None, catkin_cmake_args=None, catkin_skip_building_tests=False, mixin_files=None, mixin=None, verb_parser=<colcon_mixin.mixin.mixin_argument.MixinArgumentDecorator object at 0x7cab3b053cd0>, verb_extension=<colcon_core.verb.build.BuildVerb object at 0x7cab3b18d330>, main=<bound method BuildVerb.main of <colcon_core.verb.build.BuildVerb object at 0x7cab3b18d330>>, mixin_verb=('build',))
[0.287s] Level 1:colcon.colcon_core.package_discovery:discover_packages(colcon_meta) check parameters
[0.287s] Level 1:colcon.colcon_core.package_discovery:discover_packages(recursive) check parameters
[0.287s] Level 1:colcon.colcon_core.package_discovery:discover_packages(ignore) check parameters
[0.287s] Level 1:colcon.colcon_core.package_discovery:discover_packages(path) check parameters
[0.287s] Level 1:colcon.colcon_core.package_discovery:discover_packages(colcon_meta) discover
[0.287s] Level 1:colcon.colcon_core.package_discovery:discover_packages(recursive) discover
[0.287s] INFO:colcon.colcon_core.package_discovery:Crawling recursively for packages in '/home/robousr/ROS2Dev/ExaFin_ws'
[0.288s] Level 1:colcon.colcon_core.package_identification:_identify(.) by extensions ['ignore', 'ignore_ament_install']
[0.288s] Level 1:colcon.colcon_core.package_identification:_identify(.) by extension 'ignore'
[0.288s] Level 1:colcon.colcon_core.package_identification:_identify(.) by extension 'ignore_ament_install'
[0.288s] Level 1:colcon.colcon_core.package_identification:_identify(.) by extensions ['colcon_pkg']
[0.288s] Level 1:colcon.colcon_core.package_identification:_identify(.) by extension 'colcon_pkg'
[0.288s] Level 1:colcon.colcon_core.package_identification:_identify(.) by extensions ['colcon_meta']
[0.288s] Level 1:colcon.colcon_core.package_identification:_identify(.) by extension 'colcon_meta'
[0.288s] Level 1:colcon.colcon_core.package_identification:_identify(.) by extensions ['ros']
[0.288s] Level 1:colcon.colcon_core.package_identification:_identify(.) by extension 'ros'
[0.298s] Level 1:colcon.colcon_core.package_identification:_identify(.) by extensions ['cmake', 'python']
[0.298s] Level 1:colcon.colcon_core.package_identification:_identify(.) by extension 'cmake'
[0.298s] Level 1:colcon.colcon_core.package_identification:_identify(.) by extension 'python'
[0.298s] Level 1:colcon.colcon_core.package_identification:_identify(.) by extensions ['python_setup_py']
[0.298s] Level 1:colcon.colcon_core.package_identification:_identify(.) by extension 'python_setup_py'
[0.298s] Level 1:colcon.colcon_core.package_identification:_identify(build) by extensions ['ignore', 'ignore_ament_install']
[0.298s] Level 1:colcon.colcon_core.package_identification:_identify(build) by extension 'ignore'
[0.298s] Level 1:colcon.colcon_core.package_identification:_identify(build) ignored
[0.299s] Level 1:colcon.colcon_core.package_identification:_identify(install) by extensions ['ignore', 'ignore_ament_install']
[0.299s] Level 1:colcon.colcon_core.package_identification:_identify(install) by extension 'ignore'
[0.299s] Level 1:colcon.colcon_core.package_identification:_identify(install) ignored
[0.299s] Level 1:colcon.colcon_core.package_identification:_identify(log) by extensions ['ignore', 'ignore_ament_install']
[0.299s] Level 1:colcon.colcon_core.package_identification:_identify(log) by extension 'ignore'
[0.299s] Level 1:colcon.colcon_core.package_identification:_identify(log) ignored
[0.299s] Level 1:colcon.colcon_core.package_identification:_identify(src) by extensions ['ignore', 'ignore_ament_install']
[0.299s] Level 1:colcon.colcon_core.package_identification:_identify(src) by extension 'ignore'
[0.299s] Level 1:colcon.colcon_core.package_identification:_identify(src) by extension 'ignore_ament_install'
[0.299s] Level 1:colcon.colcon_core.package_identification:_identify(src) by extensions ['colcon_pkg']
[0.299s] Level 1:colcon.colcon_core.package_identification:_identify(src) by extension 'colcon_pkg'
[0.299s] Level 1:colcon.colcon_core.package_identification:_identify(src) by extensions ['colcon_meta']
[0.299s] Level 1:colcon.colcon_core.package_identification:_identify(src) by extension 'colcon_meta'
[0.299s] Level 1:colcon.colcon_core.package_identification:_identify(src) by extensions ['ros']
[0.299s] Level 1:colcon.colcon_core.package_identification:_identify(src) by extension 'ros'
[0.299s] Level 1:colcon.colcon_core.package_identification:_identify(src) by extensions ['cmake', 'python']
[0.299s] Level 1:colcon.colcon_core.package_identification:_identify(src) by extension 'cmake'
[0.300s] Level 1:colcon.colcon_core.package_identification:_identify(src) by extension 'python'
[0.300s] Level 1:colcon.colcon_core.package_identification:_identify(src) by extensions ['python_setup_py']
[0.300s] Level 1:colcon.colcon_core.package_identification:_identify(src) by extension 'python_setup_py'
[0.300s] Level 1:colcon.colcon_core.package_identification:_identify(src/evs_robot_controller) by extensions ['ignore', 'ignore_ament_install']
[0.300s] Level 1:colcon.colcon_core.package_identification:_identify(src/evs_robot_controller) by extension 'ignore'
[0.300s] Level 1:colcon.colcon_core.package_identification:_identify(src/evs_robot_controller) by extension 'ignore_ament_install'
[0.300s] Level 1:colcon.colcon_core.package_identification:_identify(src/evs_robot_controller) by extensions ['colcon_pkg']
[0.300s] Level 1:colcon.colcon_core.package_identification:_identify(src/evs_robot_controller) by extension 'colcon_pkg'
[0.300s] Level 1:colcon.colcon_core.package_identification:_identify(src/evs_robot_controller) by extensions ['colcon_meta']
[0.300s] Level 1:colcon.colcon_core.package_identification:_identify(src/evs_robot_controller) by extension 'colcon_meta'
[0.300s] Level 1:colcon.colcon_core.package_identification:_identify(src/evs_robot_controller) by extensions ['ros']
[0.300s] Level 1:colcon.colcon_core.package_identification:_identify(src/evs_robot_controller) by extension 'ros'
[0.310s] DEBUG:colcon.colcon_core.package_identification:Package 'src/evs_robot_controller' with type 'ros.ament_python' and name 'evs_robot_controller'
[0.310s] Level 1:colcon.colcon_core.package_identification:_identify(src/robot_description) by extensions ['ignore', 'ignore_ament_install']
[0.310s] Level 1:colcon.colcon_core.package_identification:_identify(src/robot_description) by extension 'ignore'
[0.310s] Level 1:colcon.colcon_core.package_identification:_identify(src/robot_description) by extension 'ignore_ament_install'
[0.310s] Level 1:colcon.colcon_core.package_identification:_identify(src/robot_description) by extensions ['colcon_pkg']
[0.310s] Level 1:colcon.colcon_core.package_identification:_identify(src/robot_description) by extension 'colcon_pkg'
[0.310s] Level 1:colcon.colcon_core.package_identification:_identify(src/robot_description) by extensions ['colcon_meta']
[0.310s] Level 1:colcon.colcon_core.package_identification:_identify(src/robot_description) by extension 'colcon_meta'
[0.310s] Level 1:colcon.colcon_core.package_identification:_identify(src/robot_description) by extensions ['ros']
[0.310s] Level 1:colcon.colcon_core.package_identification:_identify(src/robot_description) by extension 'ros'
[0.311s] DEBUG:colcon.colcon_core.package_identification:Package 'src/robot_description' with type 'ros.ament_cmake' and name 'robot_description'
[0.311s] Level 1:colcon.colcon_core.package_discovery:discover_packages(recursive) using defaults
[0.311s] Level 1:colcon.colcon_core.package_discovery:discover_packages(ignore) discover
[0.311s] Level 1:colcon.colcon_core.package_discovery:discover_packages(ignore) using defaults
[0.311s] Level 1:colcon.colcon_core.package_discovery:discover_packages(path) discover
[0.311s] Level 1:colcon.colcon_core.package_discovery:discover_packages(path) using defaults
[0.330s] Level 1:colcon.colcon_core.package_discovery:discover_packages(prefix_path) check parameters
[0.330s] Level 1:colcon.colcon_core.package_discovery:discover_packages(prefix_path) discover
[0.331s] WARNING:colcon.colcon_ros.prefix_path.ament:The path '/home/robousr/ROS2Dev/ExaFin_ws/install/robot_description' in the environment variable AMENT_PREFIX_PATH doesn't exist
[0.331s] WARNING:colcon.colcon_ros.prefix_path.ament:The path '/home/robousr/ROS2Dev/ExaFin_ws/install/evs_robot_controller' in the environment variable AMENT_PREFIX_PATH doesn't exist
[0.331s] WARNING:colcon.colcon_ros.prefix_path.catkin:The path '/home/robousr/ROS2Dev/ExaFin_ws/install/robot_description' in the environment variable CMAKE_PREFIX_PATH doesn't exist
[0.332s] DEBUG:colcon.colcon_installed_package_information.package_discovery:Found 0 installed packages in /home/robousr/ROS2Dev/ExaFin_ws/install
[0.333s] DEBUG:colcon.colcon_installed_package_information.package_discovery:Found 282 installed packages in /opt/ros/humble
[0.336s] Level 1:colcon.colcon_core.package_discovery:discover_packages(prefix_path) using defaults
[0.388s] Level 5:colcon.colcon_core.verb:set package 'evs_robot_controller' build argument 'cmake_args' from command line to 'None'
[0.388s] Level 5:colcon.colcon_core.verb:set package 'evs_robot_controller' build argument 'cmake_target' from command line to 'None'
[0.388s] Level 5:colcon.colcon_core.verb:set package 'evs_robot_controller' build argument 'cmake_target_skip_unavailable' from command line to 'False'
[0.388s] Level 5:colcon.colcon_core.verb:set package 'evs_robot_controller' build argument 'cmake_clean_cache' from command line to 'False'
[0.388s] Level 5:colcon.colcon_core.verb:set package 'evs_robot_controller' build argument 'cmake_clean_first' from command line to 'False'
[0.388s] Level 5:colcon.colcon_core.verb:set package 'evs_robot_controller' build argument 'cmake_force_configure' from command line to 'False'
[0.388s] Level 5:colcon.colcon_core.verb:set package 'evs_robot_controller' build argument 'ament_cmake_args' from command line to 'None'
[0.388s] Level 5:colcon.colcon_core.verb:set package 'evs_robot_controller' build argument 'catkin_cmake_args' from command line to 'None'
[0.388s] Level 5:colcon.colcon_core.verb:set package 'evs_robot_controller' build argument 'catkin_skip_building_tests' from command line to 'False'
[0.388s] DEBUG:colcon.colcon_core.verb:Building package 'evs_robot_controller' with the following arguments: {'ament_cmake_args': None, 'build_base': '/home/robousr/ROS2Dev/ExaFin_ws/build/evs_robot_controller', 'catkin_cmake_args': None, 'catkin_skip_building_tests': False, 'cmake_args': None, 'cmake_clean_cache': False, 'cmake_clean_first': False, 'cmake_force_configure': False, 'cmake_target': None, 'cmake_target_skip_unavailable': False, 'install_base': '/home/robousr/ROS2Dev/ExaFin_ws/install/evs_robot_controller', 'merge_install': False, 'path': '/home/robousr/ROS2Dev/ExaFin_ws/src/evs_robot_controller', 'symlink_install': False, 'test_result_base': None}
[0.389s] Level 5:colcon.colcon_core.verb:set package 'robot_description' build argument 'cmake_args' from command line to 'None'
[0.389s] Level 5:colcon.colcon_core.verb:set package 'robot_description' build argument 'cmake_target' from command line to 'None'
[0.389s] Level 5:colcon.colcon_core.verb:set package 'robot_description' build argument 'cmake_target_skip_unavailable' from command line to 'False'
[0.389s] Level 5:colcon.colcon_core.verb:set package 'robot_description' build argument 'cmake_clean_cache' from command line to 'False'
[0.389s] Level 5:colcon.colcon_core.verb:set package 'robot_description' build argument 'cmake_clean_first' from command line to 'False'
[0.389s] Level 5:colcon.colcon_core.verb:set package 'robot_description' build argument 'cmake_force_configure' from command line to 'False'
[0.389s] Level 5:colcon.colcon_core.verb:set package 'robot_description' build argument 'ament_cmake_args' from command line to 'None'
[0.389s] Level 5:colcon.colcon_core.verb:set package 'robot_description' build argument 'catkin_cmake_args' from command line to 'None'
[0.389s] Level 5:colcon.colcon_core.verb:set package 'robot_description' build argument 'catkin_skip_building_tests' from command line to 'False'
[0.389s] DEBUG:colcon.colcon_core.verb:Building package 'robot_description' with the following arguments: {'ament_cmake_args': None, 'build_base': '/home/robousr/ROS2Dev/ExaFin_ws/build/robot_description', 'catkin_cmake_args': None, 'catkin_skip_building_tests': False, 'cmake_args': None, 'cmake_clean_cache': False, 'cmake_clean_first': False, 'cmake_force_configure': False, 'cmake_target': None, 'cmake_target_skip_unavailable': False, 'install_base': '/home/robousr/ROS2Dev/ExaFin_ws/install/robot_description', 'merge_install': False, 'path': '/home/robousr/ROS2Dev/ExaFin_ws/src/robot_description', 'symlink_install': False, 'test_result_base': None}
[0.389s] INFO:colcon.colcon_core.executor:Executing jobs using 'parallel' executor
[0.390s] DEBUG:colcon.colcon_parallel_executor.executor.parallel:run_until_complete
[0.391s] INFO:colcon.colcon_ros.task.ament_python.build:Building ROS package in '/home/robousr/ROS2Dev/ExaFin_ws/src/evs_robot_controller' with build type 'ament_python'
[0.391s] Level 1:colcon.colcon_core.shell:create_environment_hook('evs_robot_controller', 'ament_prefix_path')
[0.393s] INFO:colcon.colcon_core.plugin_system:Skipping extension 'colcon_core.shell.bat': Not used on non-Windows systems
[0.393s] INFO:colcon.colcon_core.shell:Creating environment hook '/home/robousr/ROS2Dev/ExaFin_ws/install/evs_robot_controller/share/evs_robot_controller/hook/ament_prefix_path.ps1'
[0.394s] INFO:colcon.colcon_core.shell:Creating environment descriptor '/home/robousr/ROS2Dev/ExaFin_ws/install/evs_robot_controller/share/evs_robot_controller/hook/ament_prefix_path.dsv'
[0.394s] INFO:colcon.colcon_core.shell:Creating environment hook '/home/robousr/ROS2Dev/ExaFin_ws/install/evs_robot_controller/share/evs_robot_controller/hook/ament_prefix_path.sh'
[0.395s] INFO:colcon.colcon_core.shell:Skip shell extension 'powershell' for command environment: Not usable outside of PowerShell
[0.395s] DEBUG:colcon.colcon_core.shell:Skip shell extension 'dsv' for command environment
[0.399s] INFO:colcon.colcon_ros.task.ament_cmake.build:Building ROS package in '/home/robousr/ROS2Dev/ExaFin_ws/src/robot_description' with build type 'ament_cmake'
[0.399s] INFO:colcon.colcon_cmake.task.cmake.build:Building CMake package in '/home/robousr/ROS2Dev/ExaFin_ws/src/robot_description'
[0.400s] INFO:colcon.colcon_core.shell:Skip shell extension 'powershell' for command environment: Not usable outside of PowerShell
[0.400s] DEBUG:colcon.colcon_core.shell:Skip shell extension 'dsv' for command environment
[0.738s] INFO:colcon.colcon_core.task.python.build:Building Python package in '/home/robousr/ROS2Dev/ExaFin_ws/src/evs_robot_controller'
[0.738s] INFO:colcon.colcon_core.shell:Skip shell extension 'powershell' for command environment: Not usable outside of PowerShell
[0.738s] DEBUG:colcon.colcon_core.shell:Skip shell extension 'dsv' for command environment
[0.745s] DEBUG:colcon.colcon_core.event_handler.log_command:Invoking command in '/home/robousr/ROS2Dev/ExaFin_ws/build/robot_description': CMAKE_PREFIX_PATH=${CMAKE_PREFIX_PATH}:/home/robousr/ROS2Dev/ExaFin_ws/install/evs_robot_controller:/opt/ros/humble /usr/bin/cmake /home/robousr/ROS2Dev/ExaFin_ws/src/robot_description -DCMAKE_INSTALL_PREFIX=/home/robousr/ROS2Dev/ExaFin_ws/install/robot_description
[1.310s] DEBUG:colcon.colcon_core.event_handler.log_command:Invoking command in '/home/robousr/ROS2Dev/ExaFin_ws/src/evs_robot_controller': PYTHONPATH=/home/robousr/ROS2Dev/ExaFin_ws/build/evs_robot_controller/prefix_override:/usr/lib/python3/dist-packages/colcon_core/task/python/colcon_distutils_commands:/home/robousr/ROS2Dev/ExaFin_ws/install/evs_robot_controller/lib/python3.10/site-packages:${PYTHONPATH} /usr/bin/python3 -W ignore:setup.py install is deprecated -W ignore:easy_install command is deprecated setup.py egg_info --egg-base ../../build/evs_robot_controller build --build-base /home/robousr/ROS2Dev/ExaFin_ws/build/evs_robot_controller/build install --record /home/robousr/ROS2Dev/ExaFin_ws/build/evs_robot_controller/install.log --single-version-externally-managed install_data
[1.670s] DEBUG:colcon.colcon_core.event_handler.log_command:Invoked command in '/home/robousr/ROS2Dev/ExaFin_ws/src/evs_robot_controller' returned '0': PYTHONPATH=/home/robousr/ROS2Dev/ExaFin_ws/build/evs_robot_controller/prefix_override:/usr/lib/python3/dist-packages/colcon_core/task/python/colcon_distutils_commands:/home/robousr/ROS2Dev/ExaFin_ws/install/evs_robot_controller/lib/python3.10/site-packages:${PYTHONPATH} /usr/bin/python3 -W ignore:setup.py install is deprecated -W ignore:easy_install command is deprecated setup.py egg_info --egg-base ../../build/evs_robot_controller build --build-base /home/robousr/ROS2Dev/ExaFin_ws/build/evs_robot_controller/build install --record /home/robousr/ROS2Dev/ExaFin_ws/build/evs_robot_controller/install.log --single-version-externally-managed install_data
[1.671s] Level 1:colcon.colcon_core.environment:checking '/home/robousr/ROS2Dev/ExaFin_ws/install/evs_robot_controller' for CMake module files
[1.671s] Level 1:colcon.colcon_core.environment:checking '/home/robousr/ROS2Dev/ExaFin_ws/install/evs_robot_controller' for CMake config files
[1.672s] Level 1:colcon.colcon_core.environment:checking '/home/robousr/ROS2Dev/ExaFin_ws/install/evs_robot_controller/lib'
[1.672s] Level 1:colcon.colcon_core.environment:checking '/home/robousr/ROS2Dev/ExaFin_ws/install/evs_robot_controller/bin'
[1.672s] Level 1:colcon.colcon_core.environment:checking '/home/robousr/ROS2Dev/ExaFin_ws/install/evs_robot_controller/lib/pkgconfig/evs_robot_controller.pc'
[1.673s] Level 1:colcon.colcon_core.environment:checking '/home/robousr/ROS2Dev/ExaFin_ws/install/evs_robot_controller/lib/python3.10/site-packages'
[1.673s] Level 1:colcon.colcon_core.shell:create_environment_hook('evs_robot_controller', 'pythonpath')
[1.673s] INFO:colcon.colcon_core.shell:Creating environment hook '/home/robousr/ROS2Dev/ExaFin_ws/install/evs_robot_controller/share/evs_robot_controller/hook/pythonpath.ps1'
[1.673s] INFO:colcon.colcon_core.shell:Creating environment descriptor '/home/robousr/ROS2Dev/ExaFin_ws/install/evs_robot_controller/share/evs_robot_controller/hook/pythonpath.dsv'
[1.674s] INFO:colcon.colcon_core.shell:Creating environment hook '/home/robousr/ROS2Dev/ExaFin_ws/install/evs_robot_controller/share/evs_robot_controller/hook/pythonpath.sh'
[1.674s] Level 1:colcon.colcon_core.environment:checking '/home/robousr/ROS2Dev/ExaFin_ws/install/evs_robot_controller/bin'
[1.674s] Level 1:colcon.colcon_core.environment:create_environment_scripts_only(evs_robot_controller)
[1.675s] INFO:colcon.colcon_core.shell:Creating package script '/home/robousr/ROS2Dev/ExaFin_ws/install/evs_robot_controller/share/evs_robot_controller/package.ps1'
[1.675s] INFO:colcon.colcon_core.shell:Creating package descriptor '/home/robousr/ROS2Dev/ExaFin_ws/install/evs_robot_controller/share/evs_robot_controller/package.dsv'
[1.676s] INFO:colcon.colcon_core.shell:Creating package script '/home/robousr/ROS2Dev/ExaFin_ws/install/evs_robot_controller/share/evs_robot_controller/package.sh'
[1.677s] INFO:colcon.colcon_core.shell:Creating package script '/home/robousr/ROS2Dev/ExaFin_ws/install/evs_robot_controller/share/evs_robot_controller/package.bash'
[1.677s] INFO:colcon.colcon_core.shell:Creating package script '/home/robousr/ROS2Dev/ExaFin_ws/install/evs_robot_controller/share/evs_robot_controller/package.zsh'
[1.678s] Level 1:colcon.colcon_core.environment:create_file_with_runtime_dependencies(/home/robousr/ROS2Dev/ExaFin_ws/install/evs_robot_controller/share/colcon-core/packages/evs_robot_controller)
[2.627s] DEBUG:colcon.colcon_core.event_handler.log_command:Invoked command in '/home/robousr/ROS2Dev/ExaFin_ws/build/robot_description' returned '0': CMAKE_PREFIX_PATH=${CMAKE_PREFIX_PATH}:/home/robousr/ROS2Dev/ExaFin_ws/install/evs_robot_controller:/opt/ros/humble /usr/bin/cmake /home/robousr/ROS2Dev/ExaFin_ws/src/robot_description -DCMAKE_INSTALL_PREFIX=/home/robousr/ROS2Dev/ExaFin_ws/install/robot_description
[2.627s] DEBUG:colcon.colcon_core.event_handler.log_command:Invoking command in '/home/robousr/ROS2Dev/ExaFin_ws/build/robot_description': CMAKE_PREFIX_PATH=${CMAKE_PREFIX_PATH}:/home/robousr/ROS2Dev/ExaFin_ws/install/evs_robot_controller:/opt/ros/humble /usr/bin/cmake --build /home/robousr/ROS2Dev/ExaFin_ws/build/robot_description -- -j2 -l2
[2.681s] DEBUG:colcon.colcon_core.event_handler.log_command:Invoked command in '/home/robousr/ROS2Dev/ExaFin_ws/build/robot_description' returned '0': CMAKE_PREFIX_PATH=${CMAKE_PREFIX_PATH}:/home/robousr/ROS2Dev/ExaFin_ws/install/evs_robot_controller:/opt/ros/humble /usr/bin/cmake --build /home/robousr/ROS2Dev/ExaFin_ws/build/robot_description -- -j2 -l2
[2.693s] DEBUG:colcon.colcon_core.event_handler.log_command:Invoking command in '/home/robousr/ROS2Dev/ExaFin_ws/build/robot_description': CMAKE_PREFIX_PATH=${CMAKE_PREFIX_PATH}:/home/robousr/ROS2Dev/ExaFin_ws/install/evs_robot_controller:/opt/ros/humble /usr/bin/cmake --install /home/robousr/ROS2Dev/ExaFin_ws/build/robot_description
[2.713s] Level 1:colcon.colcon_core.environment:create_environment_scripts_only(robot_description)
[2.713s] Level 1:colcon.colcon_core.environment:checking '/home/robousr/ROS2Dev/ExaFin_ws/install/robot_description' for CMake module files
[2.714s] Level 1:colcon.colcon_core.environment:checking '/home/robousr/ROS2Dev/ExaFin_ws/install/robot_description' for CMake config files
[2.714s] Level 1:colcon.colcon_core.shell:create_environment_hook('robot_description', 'cmake_prefix_path')
[2.714s] INFO:colcon.colcon_core.shell:Creating environment hook '/home/robousr/ROS2Dev/ExaFin_ws/install/robot_description/share/robot_description/hook/cmake_prefix_path.ps1'
[2.715s] DEBUG:colcon.colcon_core.event_handler.log_command:Invoked command in '/home/robousr/ROS2Dev/ExaFin_ws/build/robot_description' returned '0': CMAKE_PREFIX_PATH=${CMAKE_PREFIX_PATH}:/home/robousr/ROS2Dev/ExaFin_ws/install/evs_robot_controller:/opt/ros/humble /usr/bin/cmake --install /home/robousr/ROS2Dev/ExaFin_ws/build/robot_description
[2.715s] INFO:colcon.colcon_core.shell:Creating environment descriptor '/home/robousr/ROS2Dev/ExaFin_ws/install/robot_description/share/robot_description/hook/cmake_prefix_path.dsv'
[2.715s] INFO:colcon.colcon_core.shell:Creating environment hook '/home/robousr/ROS2Dev/ExaFin_ws/install/robot_description/share/robot_description/hook/cmake_prefix_path.sh'
[2.716s] Level 1:colcon.colcon_core.environment:checking '/home/robousr/ROS2Dev/ExaFin_ws/install/robot_description/bin'
[2.716s] Level 1:colcon.colcon_core.environment:checking '/home/robousr/ROS2Dev/ExaFin_ws/install/robot_description/lib/pkgconfig/robot_description.pc'
[2.716s] Level 1:colcon.colcon_core.environment:checking '/home/robousr/ROS2Dev/ExaFin_ws/install/robot_description/lib/python3.10/site-packages'
[2.716s] Level 1:colcon.colcon_core.environment:checking '/home/robousr/ROS2Dev/ExaFin_ws/install/robot_description/bin'
[2.716s] INFO:colcon.colcon_core.shell:Creating package script '/home/robousr/ROS2Dev/ExaFin_ws/install/robot_description/share/robot_description/package.ps1'
[2.717s] INFO:colcon.colcon_core.shell:Creating package descriptor '/home/robousr/ROS2Dev/ExaFin_ws/install/robot_description/share/robot_description/package.dsv'
[2.717s] INFO:colcon.colcon_core.shell:Creating package script '/home/robousr/ROS2Dev/ExaFin_ws/install/robot_description/share/robot_description/package.sh'
[2.718s] INFO:colcon.colcon_core.shell:Creating package script '/home/robousr/ROS2Dev/ExaFin_ws/install/robot_description/share/robot_description/package.bash'
[2.718s] INFO:colcon.colcon_core.shell:Creating package script '/home/robousr/ROS2Dev/ExaFin_ws/install/robot_description/share/robot_description/package.zsh'
[2.718s] Level 1:colcon.colcon_core.environment:create_file_with_runtime_dependencies(/home/robousr/ROS2Dev/ExaFin_ws/install/robot_description/share/colcon-core/packages/robot_description)
[2.719s] Level 1:colcon.colcon_core.environment:create_environment_scripts_only(robot_description)
[2.719s] Level 1:colcon.colcon_core.environment:checking '/home/robousr/ROS2Dev/ExaFin_ws/install/robot_description' for CMake module files
[2.720s] Level 1:colcon.colcon_core.environment:checking '/home/robousr/ROS2Dev/ExaFin_ws/install/robot_description' for CMake config files
[2.720s] Level 1:colcon.colcon_core.shell:create_environment_hook('robot_description', 'cmake_prefix_path')
[2.720s] INFO:colcon.colcon_core.shell:Creating environment hook '/home/robousr/ROS2Dev/ExaFin_ws/install/robot_description/share/robot_description/hook/cmake_prefix_path.ps1'
[2.720s] INFO:colcon.colcon_core.shell:Creating environment descriptor '/home/robousr/ROS2Dev/ExaFin_ws/install/robot_description/share/robot_description/hook/cmake_prefix_path.dsv'
[2.721s] INFO:colcon.colcon_core.shell:Creating environment hook '/home/robousr/ROS2Dev/ExaFin_ws/install/robot_description/share/robot_description/hook/cmake_prefix_path.sh'
[2.722s] Level 1:colcon.colcon_core.environment:checking '/home/robousr/ROS2Dev/ExaFin_ws/install/robot_description/bin'
[2.722s] Level 1:colcon.colcon_core.environment:checking '/home/robousr/ROS2Dev/ExaFin_ws/install/robot_description/lib/pkgconfig/robot_description.pc'
[2.722s] Level 1:colcon.colcon_core.environment:checking '/home/robousr/ROS2Dev/ExaFin_ws/install/robot_description/lib/python3.10/site-packages'
[2.722s] Level 1:colcon.colcon_core.environment:checking '/home/robousr/ROS2Dev/ExaFin_ws/install/robot_description/bin'
[2.722s] INFO:colcon.colcon_core.shell:Creating package script '/home/robousr/ROS2Dev/ExaFin_ws/install/robot_description/share/robot_description/package.ps1'
[2.723s] INFO:colcon.colcon_core.shell:Creating package descriptor '/home/robousr/ROS2Dev/ExaFin_ws/install/robot_description/share/robot_description/package.dsv'
[2.724s] INFO:colcon.colcon_core.shell:Creating package script '/home/robousr/ROS2Dev/ExaFin_ws/install/robot_description/share/robot_description/package.sh'
[2.724s] INFO:colcon.colcon_core.shell:Creating package script '/home/robousr/ROS2Dev/ExaFin_ws/install/robot_description/share/robot_description/package.bash'
[2.725s] INFO:colcon.colcon_core.shell:Creating package script '/home/robousr/ROS2Dev/ExaFin_ws/install/robot_description/share/robot_description/package.zsh'
[2.725s] Level 1:colcon.colcon_core.environment:create_file_with_runtime_dependencies(/home/robousr/ROS2Dev/ExaFin_ws/install/robot_description/share/colcon-core/packages/robot_description)
[2.726s] DEBUG:colcon.colcon_parallel_executor.executor.parallel:closing loop
[2.726s] DEBUG:colcon.colcon_parallel_executor.executor.parallel:loop closed
[2.727s] DEBUG:colcon.colcon_parallel_executor.executor.parallel:run_until_complete finished with '0'
[2.727s] DEBUG:colcon.colcon_core.event_reactor:joining thread
[2.731s] INFO:colcon.colcon_core.plugin_system:Skipping extension 'colcon_notification.desktop_notification.terminal_notifier': Not used on non-Darwin systems
[2.732s] INFO:colcon.colcon_core.plugin_system:Skipping extension 'colcon_notification.desktop_notification.win32': Not used on non-Windows systems
[2.732s] INFO:colcon.colcon_notification.desktop_notification:Sending desktop notification using 'notify2'
[2.744s] DEBUG:colcon.colcon_core.event_reactor:joined thread
[2.745s] INFO:colcon.colcon_core.shell:Creating prefix script '/home/robousr/ROS2Dev/ExaFin_ws/install/local_setup.ps1'
[2.746s] INFO:colcon.colcon_core.shell:Creating prefix util module '/home/robousr/ROS2Dev/ExaFin_ws/install/_local_setup_util_ps1.py'
[2.747s] INFO:colcon.colcon_core.shell:Creating prefix chain script '/home/robousr/ROS2Dev/ExaFin_ws/install/setup.ps1'
[2.748s] INFO:colcon.colcon_core.shell:Creating prefix script '/home/robousr/ROS2Dev/ExaFin_ws/install/local_setup.sh'
[2.749s] INFO:colcon.colcon_core.shell:Creating prefix util module '/home/robousr/ROS2Dev/ExaFin_ws/install/_local_setup_util_sh.py'
[2.749s] INFO:colcon.colcon_core.shell:Creating prefix chain script '/home/robousr/ROS2Dev/ExaFin_ws/install/setup.sh'
[2.752s] INFO:colcon.colcon_core.shell:Creating prefix script '/home/robousr/ROS2Dev/ExaFin_ws/install/local_setup.bash'
[2.753s] INFO:colcon.colcon_core.shell:Creating prefix chain script '/home/robousr/ROS2Dev/ExaFin_ws/install/setup.bash'
[2.755s] INFO:colcon.colcon_core.shell:Creating prefix script '/home/robousr/ROS2Dev/ExaFin_ws/install/local_setup.zsh'
[2.756s] INFO:colcon.colcon_core.shell:Creating prefix chain script '/home/robousr/ROS2Dev/ExaFin_ws/install/setup.zsh'
